
Showing logs for build [32mcb-kubecd-environment-pr-200-5-p6qzl-1[0m stage [32mfrom-build-pack[0m and container [32mstep-credential-initializer-v2zz7[0m
{"level":"warn","ts":1586896998.9890816,"logger":"fallback-logger","caller":"logging/config.go:69","msg":"Fetch GitHub commit ID from kodata failed: \"ref: refs/heads/0.8.0-**-support-backwards-incompats\" is not a valid GitHub commit ID"}
{"level":"info","ts":1586896998.989985,"logger":"fallback-logger","caller":"creds-init/main.go:40","msg":"Credentials initialized."}

Showing logs for build [32mcb-kubecd-environment-pr-200-5-p6qzl-1[0m stage [32mfrom-build-pack[0m and container [32mstep-working-dir-initializer-plnw8[0m
{"level":"warn","ts":1586897000.4578397,"logger":"fallback-logger","caller":"logging/config.go:69","msg":"Fetch GitHub commit ID from kodata failed: open /var/run/ko/HEAD: no such file or directory"}
{"level":"info","ts":1586897000.4598124,"logger":"fallback-logger","caller":"bash/main.go:64","msg":"Successfully executed command \"sh -c mkdir -p /workspace/source\"; output "}

Showing logs for build [32mcb-kubecd-environment-pr-200-5-p6qzl-1[0m stage [32mfrom-build-pack[0m and container [32mstep-place-tools[0m

Showing logs for build [32mcb-kubecd-environment-pr-200-5-p6qzl-1[0m stage [32mfrom-build-pack[0m and container [32mstep-git-source-cb-kubecd-environment-pr-200-5-p6qzl-lhvcf[0m
{"level":"warn","ts":1586897030.5896485,"logger":"fallback-logger","caller":"logging/config.go:69","msg":"Fetch GitHub commit ID from kodata failed: \"ref: refs/heads/0.8.0-**-support-backwards-incompats\" is not a valid GitHub commit ID"}
{"level":"info","ts":1586897031.6424136,"logger":"fallback-logger","caller":"git/git.go:103","msg":"Successfully cloned https://github.com/cb-kubecd/environment-pr-200-5-boot-gke-production.git @ master in path /workspace/source"}

Showing logs for build [32mcb-kubecd-environment-pr-200-5-p6qzl-1[0m stage [32mfrom-build-pack[0m and container [32mstep-git-merge[0m
Using SHAs from PULL_REFS=master:f913d4787f3db74f43614ec3c66239627c610a2c,1:fc4a08f344cb29a728b6955640e8d3328f4e62d7
DEBUG: LC_ALL=C JX_LOG_LEVEL=error git fetch origin --unshallow fc4a08f344cb29a728b6955640e8d3328f4e62d7: f913d4787f3db74f43614ec3c66239627c610a2c:
DEBUG: ran git fetch --unshallow origin fc4a08f344cb29a728b6955640e8d3328f4e62d7: f913d4787f3db74f43614ec3c66239627c610a2c: in 
DEBUG: LC_ALL=C JX_LOG_LEVEL=error git branch
DEBUG: JX_LOG_LEVEL=error LC_ALL=C git checkout master
DEBUG: ran git checkout master in 
DEBUG: LC_ALL=C JX_LOG_LEVEL=error git reset --hard f913d4787f3db74f43614ec3c66239627c610a2c
DEBUG: ran git reset --hard f913d4787f3db74f43614ec3c66239627c610a2c in 
DEBUG: LC_ALL=C JX_LOG_LEVEL=error git clean -fd .
DEBUG: ran clean --force -d . in 
DEBUG: LC_ALL=C JX_LOG_LEVEL=error git merge fc4a08f344cb29a728b6955640e8d3328f4e62d7
DEBUG: ran git merge fc4a08f344cb29a728b6955640e8d3328f4e62d7 in 
DEBUG: LC_ALL=C JX_LOG_LEVEL=error git log --format=%H%x1f%an%x1f%ae%x1f%cn%x1f%ce%x1f%s%n%b%x1e f913d4787f3db74f43614ec3c66239627c610a2c..HEAD
Merged SHA fc4a08f344cb29a728b6955640e8d3328f4e62d7 with commit message 'chore: Promote bdd-spring-1586896075 to version 0.0.1' into base branch master

Showing logs for build [32mcb-kubecd-environment-pr-200-5-p6qzl-1[0m stage [32mfrom-build-pack[0m and container [32mstep-build-helm-build[0m
WARNING: No $CHART_REPOSITORY defined so using the default value of: http://jenkins-x-chartmuseum:8080
Adding missing Helm repo: storage.googleapis.com https://storage.googleapis.com/chartmuseum.jenkins-x.io
WARNING: No secrets found on "helm/repos" due: reading the secret "helm/repos" from vault: no secret "helm/repos" not found in vault
Read credentials for https://storage.googleapis.com/chartmuseum.jenkins-x.io from vault helm/repos
Successfully added Helm repository storage.googleapis.com.
Adding missing Helm repo: jenkins-x-chartmuseum http://jenkins-x-chartmuseum:8080
WARNING: No secrets found on "helm/repos" due: reading the secret "helm/repos" from vault: no secret "helm/repos" not found in vault
Read credentials for http://jenkins-x-chartmuseum:8080 from vault helm/repos
Successfully added Helm repository jenkins-x-chartmuseum.
WARNING: No $CHART_REPOSITORY defined so using the default value of: http://jenkins-x-chartmuseum:8080
Adding missing Helm repo: chartmuseum.jenkins-x.io http://chartmuseum.jenkins-x.io
WARNING: No secrets found on "helm/repos" due: reading the secret "helm/repos" from vault: no secret "helm/repos" not found in vault
Read credentials for http://chartmuseum.jenkins-x.io from vault helm/repos
Successfully added Helm repository chartmuseum.jenkins-x.io.
